<?xml version="1.0" encoding="UTF-8"?>
<!-- Generated by org.testng.reporters.JUnitXMLReporter -->
<testsuite hostname="DESKTOP-UAUEBQL" name="Test" tests="5" failures="0" timestamp="1 Oct 2020 20:18:01 GMT" time="70.743" errors="0">
  <testcase name="basePageNavigation" time="7.666" classname="ScoutMaven.Homepage"/>
  <testcase name="basePageNavigation" time="0.298" classname="ScoutMaven.HeaderMenu"/>
  <testcase name="UltimateGuidePosts" time="6.275" classname="ScoutMaven.UltimateGuides"/>
  <testcase name="basePageNavigation" time="12.489" classname="ScoutMaven.SearchTests"/>
  <testcase name="basePageNavigation" time="13.539" classname="ScoutMaven.SearchTests"/>
</testsuite> <!-- Test -->
