<?xml version="1.0" encoding="UTF-8"?>
<!-- Generated by org.testng.reporters.JUnitXMLReporter -->
<testsuite hostname="DESKTOP-UAUEBQL" name="Validate Ulimate Guide post links" tests="1" failures="1" timestamp="18 Oct 2020 11:01:51 GMT" time="31.073" errors="0">
  <testcase name="UltimateGuidePosts" time="9.9" classname="ScoutMaven.UltimateGuides">
    <failure type="java.lang.AssertionError" message="expected [Sealant Vs Wax: What’s The Difference?] but found [Sealant Vs Wax: What’S The Difference?]">
      <![CDATA[java.lang.AssertionError: expected [Sealant Vs Wax: What’s The Difference?] but found [Sealant Vs Wax: What’S The Difference?]
	at ScoutMaven.UltimateGuides.UltimateGuidePosts(UltimateGuides.java:49)
	at java.util.concurrent.FutureTask.run(Unknown Source)
	at java.util.concurrent.ThreadPoolExecutor.runWorker(Unknown Source)
	at java.util.concurrent.ThreadPoolExecutor$Worker.run(Unknown Source)
	at java.lang.Thread.run(Unknown Source)
... Removed 21 stack frames]]>
    </failure>
  </testcase> <!-- UltimateGuidePosts -->
</testsuite> <!-- Validate Ulimate Guide post links -->
